.oo.oo.o.oooooooooo.oo...o..o.oooooo.ooooooooooooooooooooooooooooooooooooooooooooooooooooooooooooooo
Tk=40.000000000000000	Best Cost=0.649300119726904 EXIT=0 Iterations=0
oooooooooooooooooooooooooo..ooooooooo...oooooooooooooooooooooooooooooooooooooooooooooooooooooooooooo
Tk=36.000000000000000	Best Cost=0.639961660466610 EXIT=0 Iterations=1
oooooooooooooooooooooooooooooooooooooooooooooooooooooooooooo.ooooooooooooooooooooooooooooooooooooooo
Tk=32.399999999999999	Best Cost=0.638510517485557 EXIT=0 Iterations=2
ooooooooooooooo.oooooooooooooooooooooooooooooooooooooooooooooooooooooooooooooooooooooooooooooooooooo
Tk=29.160000000000000	Best Cost=0.637703527770048 EXIT=0 Iterations=3
ooooooooooooooooooooooooooooooooooooooooooooooooooooooooooooooooooooooooooooooooooooooooooooooo.oooo
Tk=26.244000000000000	Best Cost=0.636039334183860 EXIT=0 Iterations=4
oooooooooooooooooooooooooooooooooooooooooooooooooooooooooooooooooooooooooooooooooooooooooooooooooooo
Tk=23.619600000000002	Best Cost=0.636039334183860 EXIT=0 Iterations=5
oooooooooooooooooooooooooooooooooooooooooooooooooooooooooooooooooooooooooooooooooooooooooooooooooooo
Tk=21.257640000000002	Best Cost=0.636039334183860 EXIT=0 Iterations=6
oooooooooooooooooooooooooooooooooooooooooooooooooooooooooooooooooooooooooooooooooooooooooooooooooooo
Tk=19.131876000000002	Best Cost=0.636039334183860 EXIT=0 Iterations=7
oooooooooooooooooo.ooooooooooooooooooooooooooooooooooooooooooooooooooooooooooooooooooooooooooooooooo
Tk=17.218688400000001	Best Cost=0.635123902513560 EXIT=0 Iterations=8
oooooooooooooooooooooooooooooooooooooooooooooooooooooooooooooooooooooooooooooooooooooooooooooooooooo
Tk=15.496819560000002	Best Cost=0.635123902513560 EXIT=0 Iterations=9
oooooooooooooox..ooooooooooooooooooooooooooooooooooooooooooooooooooooooooooooooooooooooooooooooooooo
Tk=13.947137604000002	Best Cost=0.631102883923439 EXIT=0 Iterations=10
oooooooooooooooooooooooooooooooooooooooooooooooooooooooooooooooooooooooooooooooooooooooooooooooooooo
Tk=12.552423843600002	Best Cost=0.631102883923439 EXIT=0 Iterations=11
ooooooooooooooo.oooooooox..ooooooooooooooooooooooooooooooooooooooooooooooooooooooooooooooooooooooooo
Tk=11.297181459240001	Best Cost=0.620431270096279 EXIT=0 Iterations=12
oooooooooooxo.oooooooooooooooooooooooooooooooooooooooooooooooooooooooooooooooooooooooooooooooooooooo
Tk=10.167463313316000	Best Cost=0.618790817802114 EXIT=0 Iterations=13
ooooooooooooooooooooooooooooooooooooooooooooooooooooooooxooooooooooooooooooooooooooooooooooooooooooo
Tk=9.150716981984401	Best Cost=0.618790817802114 EXIT=0 Iterations=14
ooooooooooooooooooooooooooooooooooooooooooooooooooooooooooooxooooooooooooooooooooooooooooooooooooooo
Tk=8.235645283785960	Best Cost=0.618790817802114 EXIT=0 Iterations=15
oooooooooooooooooooooooooooooooooooooooooooooooooooooooooooooooooooooooooooooooooooooooooooooooooooo
Tk=7.412080755407364	Best Cost=0.618790817802114 EXIT=0 Iterations=16
oooooooooooooooooooooooooooooooooooooooooooooooooooooooooooooooooooooooooooooooooooooooooooooooooooo
Tk=6.670872679866627	Best Cost=0.618790817802114 EXIT=0 Iterations=17
oooooooooooooooxoooooooooooooooooooooooooooooooooooooooooooooooooooooooooooooooooooooooxoooooooooooo
Tk=6.003785411879965	Best Cost=0.618790817802114 EXIT=0 Iterations=18
oooooooooooooooooooooooooooooooooooooooooooooooooooooooooooooooooooooooooooooooooooooooooooooooooooo
Tk=5.403406870691968	Best Cost=0.618790817802114 EXIT=0 Iterations=19
oooooooooooooooooooooooooooooooooooooooooooooooooooooooooooooooooooooooooooooooooooooooooooooooooooo
Tk=4.863066183622771	Best Cost=0.618790817802114 EXIT=0 Iterations=20
oooooooooooooooooooooooooooooooooooooooooooooooooooooooooooooooooooooooooooooooooooooooooooooooooooo
Tk=4.376759565260494	Best Cost=0.618790817802114 EXIT=0 Iterations=21
oooooooooooooooooooooooooooooooooooooooooooooxoooooooooooooooooooooooooooooooooooooooooooooooooooooo
Tk=3.939083608734445	Best Cost=0.618790817802114 EXIT=0 Iterations=22
oooooooooooooooooooooooooooooooooooooooooooooooooooooooooooooooooooooooooooooooooooooooooooooooooooo
Tk=3.545175247861000	Best Cost=0.618790817802114 EXIT=0 Iterations=23
oooooooooooooooooooooooooooooooooooooooooooooooooooooooooooooooooooooooooooooooooooooooooooooooooooo
Tk=3.190657723074900	Best Cost=0.618790817802114 EXIT=0 Iterations=24
oooooooooooooooooooooxoooooooooooooooooooxoooooooooooooooooooooooooooooooooooooooooooooooooooooooooo
Tk=2.871591950767410	Best Cost=0.618790817802114 EXIT=0 Iterations=25
oooooox.ooooooo.ooooooooooooooooooooooooooooooooooooooooooooooooooooooooooooooooooooooooooooooxooooo
Tk=2.584432755690669	Best Cost=0.615939091058215 EXIT=0 Iterations=26
oxoooooooooooooooooooooooooooooooooooooooooooxoooooooooooooooooooooooooooooooooooooooooooooooooooxoo
Tk=2.325989480121602	Best Cost=0.615939091058215 EXIT=0 Iterations=27
oooooooooooooooooooooooooooooooooooooooooooooooooooooooooooooooooooooooooooooooooooooooooooooooooooo
Tk=2.093390532109442	Best Cost=0.615939091058215 EXIT=0 Iterations=28
ooooooooooooooooooooooooooooooooooooooooooooooooooooooooooooooooooxooooooooooooooooooooooooooooooox.
Tk=1.884051478898498	Best Cost=0.615861976018101 EXIT=0 Iterations=29
.ooooooooooooooooooooooooooooooooooooooooooooooooooooooooooooooooooooooooooooooooooooooooooooooooxoo
Tk=1.695646331008648	Best Cost=0.607013998891337 EXIT=0 Iterations=30
ooooooooooooooooooooooooooooooooooooooooooooooooooooooooooooooooooooooooooooooooooooooooooooxooooooo
Tk=1.526081697907783	Best Cost=0.607013998891337 EXIT=0 Iterations=31
ooooooooooooooooooxoooooooooooooooooo.oooooooooooooooooooxoooooooooooooooooooooooooooooooooooooooooo
Tk=1.373473528117005	Best Cost=0.606602496643347 EXIT=0 Iterations=32
ooooooxoooooooooooooooooooooxoooxoxooooooooooooooooooooooooooooooooooooooooooooox.o.oooooooooooooooo
Tk=1.236126175305305	Best Cost=0.603085730307717 EXIT=0 Iterations=33
oooooooooooooooooooooooooooooooox..ooooooooooooooooxoooooooooooooooooooooooooooooooooooooooooooooooo
Tk=1.112513557774774	Best Cost=0.598439968641341 EXIT=0 Iterations=34
oooooooooooxooooxoooooooxoooooooooooooooooooooooooooxooooooooooooooooooooooooooooxoooooooooooooooooo
Tk=1.001262201997297	Best Cost=0.598439968641341 EXIT=0 Iterations=35
ox..o.ooooooooooooooooooooooooooooooooooooooooooxooooooooooooooooooxooooooooxoooxoooooooooooooooooxo
Tk=0.901135981797567	Best Cost=0.592046506951604 EXIT=0 Iterations=36
ooxoooxoooooooooxoooooooooooooooxoxooooooooooooooooooxoooooooooooooooooooooox.oooooooooooooooooooooo
Tk=0.811022383617810	Best Cost=0.583910275504176 EXIT=0 Iterations=37
xoo.ooooxoooooooooooooooooooooooooooooooooooooooooooooooxoooooooooxooooooox.oooooooooooooooooooooooo
Tk=0.729920145256029	Best Cost=0.573882697571235 EXIT=0 Iterations=38
ooooooooxooooooooxoxox.ooooxooooooooxooooooooooooox.ooxoxoooooooxxooooooxxoooooooooooooooooxoooooooo
Tk=0.656928130730427	Best Cost=0.567660552296180 EXIT=0 Iterations=39
ooooooooooooooooooooxoooooooooooooooooooooooooox.oxoooooooxx.ooooxx.oxoooooxxooooooooooooxoooooooxoo
Tk=0.591235317657384	Best Cost=0.540639100692325 EXIT=0 Iterations=40
ooxoooooooooxooooooxoxooooxoooooooooooxoooooxoooooxoooooooooxoooooooooooooxooooooooooxoxoooxooox.xoo
Tk=0.532111785891646	Best Cost=0.537401641996730 EXIT=0 Iterations=41
xoooooooox..oxxoooooooxooxoxx.ooooooxoooxoooooooooxoooooxoooox.xoooooxxooooooooooxoxooooxooxoooooxo.
Tk=0.478900607302481	Best Cost=0.519865261051340 EXIT=0 Iterations=42
oxooooooooxooox.oxoooxooxoooooooooxoooooooxooooxoxooxooooxoxxoxxoooxoxxooxoooooxooxooxoxoxox.xxxoooo
Tk=0.431010546572233	Best Cost=0.505283290444287 EXIT=0 Iterations=43
xoxxooooxoxxooxooooooooooooooooxox.oooxoxooooxooxxooxoxoooxxooxoooxxxox.oxoxxooooxooxoxoooooooooooox
Tk=0.387909491915010	Best Cost=0.499772442373913 EXIT=0 Iterations=44
ooooxoxoxooxoxxooxxooxoxoxooxxoxooooxxoooooooxoooxooxooooxxoxoooooooxoooooxooxooooooooxoooxoxoooxooo
Tk=0.349118542723509	Best Cost=0.499772442373913 EXIT=0 Iterations=45
oxx.xooxxxxoxxxoxxxooxoooxxxxxoxxooxxxooxoxoooxooxoxoxxxxoxoooooxoxxxooooxxox.oooxoxxoxxooooxoxoooxx
Tk=0.314206688451158	Best Cost=0.484582210161830 EXIT=0 Iterations=46
ooxooxoxxxxoooxox.xoooooooxoxooxxooxoxxxoxxxooxoooooooxoxxoxooooxoooxxoxxoooxxoxoox.ooooxxxooooooooo
Tk=0.282786019606042	Best Cost=0.482140068694484 EXIT=0 Iterations=47
xoxooxoooxxooxxoxoxooxoo.oxxxxxxxxoxoxxoxxxoxxoxx.xxoxxxooxoxoxooooxox.ooooxoooxxxxoxxxoooxoox.ooxxo
Tk=0.254507417645438	Best Cost=0.465548393748662 EXIT=0 Iterations=48
xxxoxxxoxooxxooxxxxoooxooxoxoooxxx.xxxoooxxoxxxooooxoxoooooxxxxxxxooxx.xxxooxxoxxoxxooxxooxxxxx.oxoo
Tk=0.229056675880894	Best Cost=0.450374634842186 EXIT=0 Iterations=49
xoxoooxoxxxox.oxooxxxxxxooxoxxxxoxooxoxoxoxoooxooxxooxxxoxxxxxxxxxxxxxxxxxoooxxoxoxxxxxxxoxxoox.ox.x
Tk=0.206151008292805	Best Cost=0.438022430287632 EXIT=0 Iterations=50
xxoooxoxxooxxoxxoxoxxoxxxxoxxxxoxxxxxoxxoxxxxoxxxxxxoxoxxxooxoxxxoxoxxxxxxoxoxxxxxxxoxox.xxxxoxxxxxx
Tk=0.185535907463524	Best Cost=0.437824488147605 EXIT=0 Iterations=51
xxxoxoxox.xxoxxxxooxooxoxxoxoxoxxxxxxxxoxoxxooxxxooxoxoxooxoxxoxxxxxxxxxxxxxoxoxoxoxxxxoxxooxxxxxoxx
Tk=0.166982316717172	Best Cost=0.437321443347289 EXIT=0 Iterations=52
xxoxxoxoxxoxxxxooxxxxooxoxxxxxoxxxxxxxxoxxxxxxoooxxxxxxooxxxx.xxxxoxoxoxxxxxxxxxxoxxxxxxoxxxoxoxoxxx
Tk=0.150284085045455	Best Cost=0.435724057752392 EXIT=0 Iterations=53
xxxxxoxxxxxoxxxxxoxxoxoxooxoxoxxoxxxoxxoxoxxxxxoxxxxoxxxxxox.xoxoxxxxoxxoxooxxoxxxoxxxxxxxxoxxxxxxxx
Tk=0.135255676540909	Best Cost=0.427499760414554 EXIT=0 Iterations=54
xoxoxoox.xxx.xxxooxxxoxxxxxxooxoxxoxxoxxxxoxxxxxxoxxxxoxxxoxxxxoxxxooxxxx.xx.xxxxxxxxxxxxxxoxxoxxxox
Tk=0.121730108886818	Best Cost=0.420295079803659 EXIT=0 Iterations=55
oxxxxoxxxxxxxxxxxxoxoxxoxoxxxxxooxxxxxxxxxxxxxxxxxxxxoxxxxxxxxxoxoxxxxxxxxooxoxxoxxxoxoxoxxxxxxxoxxx
Tk=0.109557097998136	Best Cost=0.420295079803659 EXIT=0 Iterations=56
xxxoxxoxoxoxxxxoxxxxxoxxooxxoxoxxooxoxxxoxxoxxxxoxoxxxoxxoxooxoxxoxoxxxxxoxoxoxxxxxxxxxoxxxxxxxox.xx
Tk=0.098601388198323	Best Cost=0.418679113908729 EXIT=0 Iterations=57
xxxoxxxxxxxoxxxxxxooxx.xxxoxxxoxxoxxxxxxxxxooxoxxxxoxxxxooxoxxoxxxxoxxxxxxoxxoxxxxxxxxxxoxxooxxxxxxx
Tk=0.088741249378491	Best Cost=0.414865242981980 EXIT=0 Iterations=58
xxxoxxxxoxxxoxoxxxxxxxoxxoxxxoxxxxxoxxxooxxxoxxxxxxxoxxxxxxxxxxoxxxxxxxxxxxxxxxooxxooxxxxxxxoxxxx.xx
Tk=0.079867124440641	Best Cost=0.408217601688806 EXIT=0 Iterations=59
xoxxxxxxxxxxxxxxxxxxxxxxxxxxxoxxxxxxxoxxxxxxxxxxxxxoxxxoxxxxxxxxxxxxxxoxxxxxxxoxxxxxxx.xxxxxxxxxx.xx
Tk=0.071880411996577	Best Cost=0.404719528123794 EXIT=0 Iterations=60
xxxxxxxxxxxxoxoxxxxxxoxxxxxxxxxxxxxxoxxxxxxxxxxxxoxxooxxxxxoxxoxxxoxxxxxxxxxxxoxxoxxxxxoxxxxxxxxxxxx
Tk=0.064692370796920	Best Cost=0.404719528123794 EXIT=0 Iterations=61
xxxxxxxxxxoxxxxxxxxxxxxxxxxxxxxxxxxoxxxxxxoxxxxoxxxxoxx.xxxxxxxxxxxxxxxooxxxxoxxxoxxxoxxxxxxxxxxxxxx
Tk=0.058223133717228	Best Cost=0.394550569745433 EXIT=0 Iterations=62
xxxxxxxoxxxxxxxxoxxxxxxxxxoxxxxxxxoxoxxxoxxxxxxxoxxxxxxxxxxxoxxxxxxxxx.xxoxxxxxxxxxxxxxoxxxxxxxxxxxx
Tk=0.052400820345505	Best Cost=0.392840122064060 EXIT=0 Iterations=63
xxoxxxxxxxxoxxxxxxxxxoxxxxoxxxxxxxxxxxoxxxxxxxxxxxxxxxxxxxxxxxxxxxxxxxxxxxxxxoxoxxxxxxxoxxxxxxxxxoxx
Tk=0.047160738310954	Best Cost=0.392840122064060 EXIT=0 Iterations=64
xxxxxoxxxxxxxxxxxxxxxxxxxxxxxx.xxxxxxxxxxxxxxxxxxxxxxxxxxxxxxxxxxxxxxxxxxxxxxxxxxxooxxxxxxxxxxxxxxxo
Tk=0.042444664479859	Best Cost=0.387957083545807 EXIT=0 Iterations=65
oxxxxxxxxoxxxxxxxxxxoxox.xxxxxxoxxoxoxxxxxxxxxxxxxxxxxxxxxxxxxxoxxxxxxoxxxxxxxxxxxoxxxxxxxxxoxxxxxxx
Tk=0.038200198031873	Best Cost=0.380729513730456 EXIT=0 Iterations=66
oxxx.xxxxxxxxxxxxxxxxoxxxxxxxxxxxx.xxxxxxxxxoxxxxxxxxxxxxxxxxxxxxxxxxxxxxxxxxxxxxxxxxxxxxxxxxxxxxxxx
Tk=0.034380178228686	Best Cost=0.369904414726934 EXIT=0 Iterations=67
xxxxxxxxxxxxx.xxxxxxxxxxxxxxxxxxxxxxxxxxxxxxxxxxxxxxxxxxxxxxxxxxxxxxxxxxxxxxxx.xxoxxxxxxxxxxxxxxxxxx
Tk=0.030942160405817	Best Cost=0.355849920864835 EXIT=0 Iterations=68
oxxxxx.xxxxxxxxxxxxxxxxxxxxxxxxxxxxxxxxxxxxxoxxxxxxxxxxxxxxxxxxxxxxxxxxxxxxxxxxxxxxxxxxxxxxxxxxxxxxx
Tk=0.027847944365235	Best Cost=0.354813389774259 EXIT=0 Iterations=69
xxxxxxoxxoxxxxxxxx.xxxxxxxxxxxxxxxxxxxxxxxxxxoxxxxxxxxxxxxxxxxxxxxxxxxxxxxxxxxxxoxxxxxxxxxxoxxxxxxxx
Tk=0.025063149928712	Best Cost=0.350820932935827 EXIT=0 Iterations=70
xxxxxxxxxxxxxxxxxxxxxoxxxxxxooxxxxxxxxxxxoxxxxxxxxxxxxxxxxxxxxxxxxxxxxxxxxxxxxxxxxooxxxxxxxxxxxxxxxx
Tk=0.022556834935841	Best Cost=0.350820932935827 EXIT=0 Iterations=71
xxxxxxxxxxxxxxxxxxoxxxxxxxxxxxxxxxx.xxxxxxxxxxxxxxxxxoxxxxxxxxxxxxxxxxxxxxxxxxxxx.xxxxxxxxxxxxxxxxox
Tk=0.020301151442257	Best Cost=0.335597114020228 EXIT=0 Iterations=72
xxxxxxxxxxxxxxxxxxxxxxxxxxxxxxxxxxxxxxxxxxxxxxxxxxxxxxxxxxxxxxxxxxxxxxxxxxxxxxxxxxxxxxxxxoxxxxxxxxxx
Tk=0.018271036298031	Best Cost=0.335597114020228 EXIT=0 Iterations=73
xxxxxxxxxxxxxxxxxxxxxxxxxxxxxxxxxxxxxxxxxxxxxxxxxxxxxxxxxxxxxxxxxxxxxxxxxxxxxxxxxxxxxxoxxxxxxxxxxoxx
Tk=0.016443932668228	Best Cost=0.335597114020228 EXIT=0 Iterations=74
xxxxxoxxxxxxxxxoxxxxxxxxxxxxxxxxxxxxxxxxxxxxxxxxxxxxxxoxxxxxxxxxxxxxxxxxxxxxxxxxoxxxxxxxxxxxxxxxxxxx
Tk=0.014799539401405	Best Cost=0.335597114020228 EXIT=0 Iterations=75
xxxx.xxxxxxxxxxxxxxxxxxxxxxxxxxxxxxoxxxxxxxxxxxxxxxxxxxxxxxxxxxxxxxxxxxxxxxxxxxxxxxxxxxxxxxxxxxxxxxx
Tk=0.013319585461265	Best Cost=0.324840911895305 EXIT=0 Iterations=76
xxxxxxxxxxxxxxxxxxxxxxxxoxxxxxxxxxxxxxxxxxxxxxxxxxxxxxxxxxxxxxxxxxxxxxxxxxx.xxxxxxxxxxxxxxxxxxxxxxxx
Tk=0.011987626915138	Best Cost=0.316466456348701 EXIT=0 Iterations=77
xxxxxxxxxxxxxxxxxxxxxxxxxxxxxxxxxxxxxxxxxxxxxxxxxxxxoxxxxxxxxxxxxxxxxxoxxxxxxxoxxxxxxxxxxxxxxxxxxxxx
Tk=0.010788864223624	Best Cost=0.316466456348701 EXIT=0 Iterations=78
xxxxxxxxxxxxxxxxxxxxxxxxxxxxxxxxxxxxxxxxxxxxxxxxxxxxxxxxxxxxxxxxxxxxxxxxxxxxxxxxxxxxxxxxxxxxxxxxxxxx
Tk=0.009709977801262	Best Cost=0.316466456348701 EXIT=0 Iterations=79
xxxxxxxxxxxxxxxxxxxxxxxxxxxoxxxxxxxxxxxxxxxxxxxxxxxxxxxxxxxxxxxxxxxxxxxxxxxxxxxxxxxxxxxxxxxxxxxxxxxx
Tk=0.008738980021136	Best Cost=0.316466456348701 EXIT=0 Iterations=80
xxxxxxxxxxxxxxxxxxxxxxxxxxxxxxxxxxxxxxxxxxxxxxxxxxxxxxxxxxxxxxxxxxxxxxxxxxxxxxxxxxxxxxxxxxxxxxxxxxxx
Tk=0.007865082019022	Best Cost=0.316466456348701 EXIT=0 Iterations=81
xxxxxxxxxxxxxxxxxxxxxxxxxxxxxxxxxxxxxxxxxxxxxxxxxxxxxxxxxxxxxxxxxxxxxxxxxxxxxxxxxxxxxxxxxxxxxxxxxxxx
Tk=0.007078573817120	Best Cost=0.316466456348701 EXIT=0 Iterations=82
xxxxxxxxxxxxxxxxxxxxxxxxxxxxxxxoxxxxxxxxxxxxxxxxxxxxxxxxxxxxxxx.xxxxxxxxxxxoxxxxxxxxxxxxxxxxxxxxx.xx
Tk=0.006370716435408	Best Cost=0.305544938457649 EXIT=0 Iterations=83
xxxxxxxxxxxxxxxxxxxxxxxxxxxxxxxxxxxxxxxxxxxxxxxxxxxxxxxxxxxxxxxxxxxxxxxxxxxxxxxxxxxxxxxxxxxxxxxxxxxx
Tk=0.005733644791867	Best Cost=0.305544938457649 EXIT=0 Iterations=84
xxxxxxxxxxxxxxxxxxxxxxxxxxxxxxxxxxxxxxxxxxxxxxxxxxxxxxxxxxxxxxxxxxxxxxxxxxxxxxxxxxxxxxxxxxxxxxxxxxx.
Tk=0.005160280312680	Best Cost=0.298577630831838 EXIT=0 Iterations=85
xxxxxxxxxxxxxxxxxxxxxxxxxxxxxxxxxxxxxxxxxxxxxxxxxxxxxxxxxxxxxxxxxxxxxxxxxxxxxxxxxxxxxxxxxxxxxxxxxxxx
Tk=0.004644252281412	Best Cost=0.298577630831838 EXIT=0 Iterations=86
xxxxxxxxxxxxxxxxxxxxxxxxxxxxxxoxxxxxxxxxxxxxxxxxxxxxxxxxxxxxxxxxxxxxxxxxxxxxxxxxxxxxxxxxxxxxxxxxxxxx
Tk=0.004179827053271	Best Cost=0.298577630831838 EXIT=0 Iterations=87
xxxxxxxxxxxxxxxxxxxxxxxxxxxxxxxxxxxxxxxxxxxxxxxxxxxxxxxxxxxxxxxxxxxxxxxxxxxxxxxxxxxxxxxxxxxxxxxxxoxx
Tk=0.003761844347944	Best Cost=0.298577630831838 EXIT=0 Iterations=88
xxxxxxxxxxxxxxxxxxxxxxxxxxxxxxxxxxxxxxxxxxxxxxxxxxxxxxxxxxxxxxxxxxxxxxxxxxxxxxxxxxxxxxxxxxxxxxxxxxxx
Tk=0.003385659913150	Best Cost=0.298577630831838 EXIT=0 Iterations=89
xxxxxxxxxxxxxxxxxxxxxxxxxxxxxxxxxxxx.xxxxxxxxxxxxxxxxxxxxxxxxxxxxxxxxxxxxxxxxxxxxxxxxxxxxxxxxxxxxxxx
Tk=0.003047093921835	Best Cost=0.293226792540188 EXIT=0 Iterations=90
xxxxxxxxxxxxxxxxxxxxxxxxxxxxxxxxxxxxxxxxxxxxxxxxxxxxxxxxxxxxxxxxxxxxxxxxxxxxxxxxxxxxxxxxxxxxxxxxxxxx
Tk=0.002742384529651	Best Cost=0.293226792540188 EXIT=0 Iterations=91
xxxxxxxxxxxxxxxxxxxxxxxxxxxxxxxxxxxxxxxxxxxxxxxxxxxxxxxxxxxxxxxxxxxxxxxxxxxxxxxxxxxxxxxxxxxxxxxxxxxx
Tk=0.002468146076686	Best Cost=0.293226792540188 EXIT=0 Iterations=92
xxxxxxxxxxxxxxxxxxxxxxxxxxxxxxxxxxxxxxxxxxxxxxxxxxxxxxxxxxxxxxxxxxxxxxxxxxxxxxxxxxxxxxxxxxxxxxxxxxxx
Tk=0.002221331469017	Best Cost=0.293226792540188 EXIT=0 Iterations=93
xxxxxxxxxxxxxxxxxxxxxxxxxxxxxxxxxxxxxxxxxxxxxxxxxxxxxxxxxxxxxxxxxxxxxxxxxxxxxxxxxxxxxxxxxxxxxxxxxxxx
Tk=0.001999198322116	Best Cost=0.293226792540188 EXIT=0 Iterations=94
xxxxxxxxxxxxxxxxxxxxxxxxxxxxxxxxxxxxxxxxxxxxxxxxxxxxxxxxxxxxxxxxxxxxxxxxxxxxxxxxxxxxxxxxxxxxxxxxxxxx
Tk=0.001799278489904	Best Cost=0.293226792540188 EXIT=0 Iterations=95
xxxxxxxxxxxxxxxxxxxxxxxxxxxxxxxxxxxxxxxxxxxxxxxxxxxxxxxxxxxxxxxxxxxxxxxxxxxxxxxxxxxxxxxxxxxxxxxxxxxx
Tk=0.001619350640914	Best Cost=0.293226792540188 EXIT=0 Iterations=96
xxxxxxxxxxxxxxxxxxxxxxxxxxxxxxxxxxxxxxxxxxxxxxxxxxxxxxxxxxxxxxxxxxxxxxxxxxxxxxxxxxxxxxxxxxxxxxxxxxxx
Tk=0.001457415576822	Best Cost=0.293226792540188 EXIT=0 Iterations=97
xxxxxxxxxxxxxxxxxxxxxxxxxxxxxxxxxxxxxxxxxxxxxxxxxxxxxxxxxxxxxxxxxxxxxxxxxxxxxxxxxxxxxxxxxxxxxxxxxxxx
Tk=0.001311674019140	Best Cost=0.293226792540188 EXIT=0 Iterations=98
xxxxxxxxxxxxxxxxxxxxxxxxxxxxxxxxxxxxxxxxxxxxxxxxxxxxxxxxxxxxxxxxxxxxxxxxxxxxxxxxxxxxxxxxxxxxxxxxxxxx
Tk=0.001180506617226	Best Cost=0.293226792540188 EXIT=0 Iterations=99
xxxxxxxxxxxxxxxxxxxxxxxxxxxxxxxxxxxxxxxxxxxxxxxxxxxxxxxxxxxxxxxxxxxxxxxxxxxxxxxxxxxxxxxxxxxxxxxxxxxx
Tk=0.001062455955504	Best Cost=0.293226792540188 EXIT=0 Iterations=100
