Graph reconstruction via  vertex betweenness centrality
	Original graph description file-> ../example_graphs/wheel10.txt		Ordre-> 10
	Pseudorandom generator seeds-> 20861,2638,23397
SIMULATED ANNEALING:
	Initial Temperature-> 10.000000
	Tk final-> 9.000000
	Minimum Temperature-> 0.000100
	Geometric cooling rate: T[k]=0.900000 * T[k-1]
	Number Maxim of Combinations-> 1000
RESULTS:
	Best cost -> 0.10269015283712416842
	Betweenness centrality
	 Desired BC  |  Closest BC  | Difference^2
	0.6250000000 | 0.0000000000 | 0.3906250000
	0.0138888889 | 0.0000000000 | 0.0001929012
	0.0138888889 | 0.0000000000 | 0.0001929012
	0.0138888889 | 0.0000000000 | 0.0001929012
	0.0138888889 | 0.0000000000 | 0.0001929012
	0.0138888889 | 0.0000000000 | 0.0001929012
	0.0138888889 | 0.0000000000 | 0.0001929012
	0.0138888889 | 0.0000000000 | 0.0001929012
	0.0138888889 | 0.0000000000 | 0.0001929012
	0.0138888889 | 0.0000000000 | 0.0001929012
