..o...oooo
Tk=10.000000000000000	Best Cost=0.472923801898525 EXIT=0 Iterations=0
..oooooooo
Tk=9.000000000000000	Best Cost=0.322464436301569 EXIT=0 Iterations=1
oox..ooooo
Tk=8.100000000000000	Best Cost=0.271645749230784 EXIT=0 Iterations=2
oooooooooo
Tk=7.290000000000000	Best Cost=0.271645749230784 EXIT=0 Iterations=3
oooooooooo
Tk=6.561000000000000	Best Cost=0.271645749230784 EXIT=0 Iterations=4
xooooooooo
Tk=5.904900000000000	Best Cost=0.271645749230784 EXIT=0 Iterations=5
oooooooooo
Tk=5.314410000000001	Best Cost=0.271645749230784 EXIT=0 Iterations=6
oooooooooo
Tk=4.782969000000000	Best Cost=0.271645749230784 EXIT=0 Iterations=7
oooooooooo
Tk=4.304672100000000	Best Cost=0.271645749230784 EXIT=0 Iterations=8
oooooooooo
Tk=3.874204890000001	Best Cost=0.271645749230784 EXIT=0 Iterations=9
