..
Tk=0.300000000000000	Best Cost=357620946.027120471000671 EXIT=0 Iterations=0
ox
Tk=0.285000000000000	Best Cost=357620946.027120471000671 EXIT=0 Iterations=1
..
Tk=0.270750000000000	Best Cost=68212844.369233176112175 EXIT=0 Iterations=2
.x
Tk=0.257212500000000	Best Cost=25148735.624494194984436 EXIT=0 Iterations=3
.x
Tk=0.244351875000000	Best Cost=17339339.440249834209681 EXIT=0 Iterations=4
.x
Tk=0.232134281250000	Best Cost=9908323.801068924367428 EXIT=0 Iterations=5
xo
Tk=0.220527567187500	Best Cost=9908323.801068924367428 EXIT=0 Iterations=6
oo
Tk=0.209501188828125	Best Cost=9908323.801068924367428 EXIT=0 Iterations=7
..
Tk=0.199026129386719	Best Cost=3446690.978678318206221 EXIT=0 Iterations=8
xo
Tk=0.189074822917383	Best Cost=3446690.978678318206221 EXIT=0 Iterations=9
.x
Tk=0.179621081771514	Best Cost=3201009.178243855014443 EXIT=0 Iterations=10
.x
Tk=0.170640027682938	Best Cost=1925325.140222660265863 EXIT=0 Iterations=11
..
Tk=0.162108026298791	Best Cost=854081.251759282546118 EXIT=0 Iterations=12
..
Tk=0.154002624983851	Best Cost=550239.096795447519980 EXIT=0 Iterations=13
.x
Tk=0.146302493734659	Best Cost=355753.156918949098326 EXIT=0 Iterations=14
x.
Tk=0.138987369047926	Best Cost=206958.689807965129148 EXIT=0 Iterations=15
x.
Tk=0.132038000595530	Best Cost=142388.144322284206282 EXIT=0 Iterations=16
.x
Tk=0.125436100565753	Best Cost=120995.870448938934715 EXIT=0 Iterations=17
..
Tk=0.119164295537465	Best Cost=42670.247969248710433 EXIT=0 Iterations=18
x.
Tk=0.113206080760592	Best Cost=37466.262053320082487 EXIT=0 Iterations=19
x.
Tk=0.107545776722563	Best Cost=14088.377476191133610 EXIT=0 Iterations=20
xx
Tk=0.102168487886434	Best Cost=14088.377476191133610 EXIT=0 Iterations=21
.x
Tk=0.097060063492113	Best Cost=11395.550165938804639 EXIT=0 Iterations=22
..
Tk=0.092207060317507	Best Cost=8000.526149981210438 EXIT=0 Iterations=23
xx
Tk=0.087596707301632	Best Cost=8000.526149981210438 EXIT=0 Iterations=24
o.
Tk=0.083216871936550	Best Cost=6784.638722528783546 EXIT=0 Iterations=25
xx
Tk=0.079056028339723	Best Cost=6784.638722528783546 EXIT=0 Iterations=26
xx
Tk=0.075103226922736	Best Cost=6784.638722528783546 EXIT=0 Iterations=27
x.
Tk=0.071348065576600	Best Cost=5042.339401031630587 EXIT=0 Iterations=28
..
Tk=0.067780662297770	Best Cost=2833.422585698554485 EXIT=0 Iterations=29
..
Tk=0.064391629182881	Best Cost=1338.572658344695128 EXIT=0 Iterations=30
xx
Tk=0.061172047723737	Best Cost=1338.572658344695128 EXIT=0 Iterations=31
xx
Tk=0.058113445337550	Best Cost=1338.572658344695128 EXIT=0 Iterations=32
x.
Tk=0.055207773070673	Best Cost=1326.388081967790868 EXIT=0 Iterations=33
xx
Tk=0.052447384417139	Best Cost=1326.388081967790868 EXIT=0 Iterations=34
..
Tk=0.049825015196282	Best Cost=794.274901968618792 EXIT=0 Iterations=35
x.
Tk=0.047333764436468	Best Cost=539.183883856989723 EXIT=0 Iterations=36
x.
Tk=0.044967076214645	Best Cost=479.435943491247770 EXIT=0 Iterations=37
.x
Tk=0.042718722403912	Best Cost=187.400853116503868 EXIT=0 Iterations=38
xx
Tk=0.040582786283717	Best Cost=187.400853116503868 EXIT=0 Iterations=39
xx
Tk=0.038553646969531	Best Cost=187.400853116503868 EXIT=0 Iterations=40
xo
Tk=0.036625964621054	Best Cost=187.400853116503868 EXIT=0 Iterations=41
xx
Tk=0.034794666390002	Best Cost=187.400853116503868 EXIT=0 Iterations=42
.x
Tk=0.033054933070502	Best Cost=169.282916028482504 EXIT=0 Iterations=43
..
Tk=0.031402186416977	Best Cost=60.088316898685889 EXIT=0 Iterations=44
x.
Tk=0.029832077096128	Best Cost=47.692978454148395 EXIT=0 Iterations=45
xx
Tk=0.028340473241321	Best Cost=47.692978454148395 EXIT=0 Iterations=46
xx
Tk=0.026923449579255	Best Cost=47.692978454148395 EXIT=0 Iterations=47
xx
Tk=0.025577277100292	Best Cost=47.692978454148395 EXIT=0 Iterations=48
xx
Tk=0.024298413245278	Best Cost=47.692978454148395 EXIT=0 Iterations=49
xx
Tk=0.023083492583014	Best Cost=47.692978454148395 EXIT=0 Iterations=50
xx
Tk=0.021929317953863	Best Cost=47.692978454148395 EXIT=0 Iterations=51
.x
Tk=0.020832852056170	Best Cost=34.574273246151392 EXIT=0 Iterations=52
xx
Tk=0.019791209453362	Best Cost=34.574273246151392 EXIT=0 Iterations=53
xx
Tk=0.018801648980694	Best Cost=34.574273246151392 EXIT=0 Iterations=54
xx
Tk=0.017861566531659	Best Cost=34.574273246151392 EXIT=0 Iterations=55
.x
Tk=0.016968488205076	Best Cost=33.506559302922071 EXIT=0 Iterations=56
.x
Tk=0.016120063794822	Best Cost=25.168580351127044 EXIT=0 Iterations=57
xx
Tk=0.015314060605081	Best Cost=25.168580351127044 EXIT=0 Iterations=58
x.
Tk=0.014548357574827	Best Cost=20.742900662855355 EXIT=0 Iterations=59
.x
Tk=0.013820939696086	Best Cost=16.050999501135799 EXIT=0 Iterations=60
x.
Tk=0.013129892711281	Best Cost=11.932175919942145 EXIT=0 Iterations=61
x.
Tk=0.012473398075717	Best Cost=8.101947355472554 EXIT=0 Iterations=62
xx
Tk=0.011849728171931	Best Cost=8.101947355472554 EXIT=0 Iterations=63
xx
Tk=0.011257241763335	Best Cost=8.101947355472554 EXIT=0 Iterations=64
xx
Tk=0.010694379675168	Best Cost=8.101947355472554 EXIT=0 Iterations=65
.x
Tk=0.010159660691410	Best Cost=5.870247295388219 EXIT=0 Iterations=66
x.
Tk=0.009651677656839	Best Cost=4.403768546467020 EXIT=0 Iterations=67
x.
Tk=0.009169093773997	Best Cost=4.389250822251017 EXIT=0 Iterations=68
.x
Tk=0.008710639085297	Best Cost=2.993513066064176 EXIT=0 Iterations=69
xx
Tk=0.008275107131032	Best Cost=2.993513066064176 EXIT=0 Iterations=70
xx
Tk=0.007861351774481	Best Cost=2.993513066064176 EXIT=0 Iterations=71
..
Tk=0.007468284185757	Best Cost=1.590236471558568 EXIT=0 Iterations=72
xx
Tk=0.007094869976469	Best Cost=1.590236471558568 EXIT=0 Iterations=73
xx
Tk=0.006740126477646	Best Cost=1.590236471558568 EXIT=0 Iterations=74
.x
Tk=0.006403120153763	Best Cost=1.588667541362085 EXIT=0 Iterations=75
.x
Tk=0.006082964146075	Best Cost=1.581227081652868 EXIT=0 Iterations=76
.x
Tk=0.005778815938771	Best Cost=1.322886328305429 EXIT=0 Iterations=77
xx
Tk=0.005489875141833	Best Cost=1.322886328305429 EXIT=0 Iterations=78
.x
Tk=0.005215381384741	Best Cost=1.166021667456373 EXIT=0 Iterations=79
x.
Tk=0.004954612315504	Best Cost=1.132182186642831 EXIT=0 Iterations=80
xx
Tk=0.004706881699729	Best Cost=1.132182186642831 EXIT=0 Iterations=81
xx
Tk=0.004471537614742	Best Cost=1.132182186642831 EXIT=0 Iterations=82
xx
Tk=0.004247960734005	Best Cost=1.132182186642831 EXIT=0 Iterations=83
x.
Tk=0.004035562697305	Best Cost=1.113883845733285 EXIT=0 Iterations=84
x.
Tk=0.003833784562440	Best Cost=1.067243260186992 EXIT=0 Iterations=85
xx
Tk=0.003642095334318	Best Cost=1.067243260186992 EXIT=0 Iterations=86
xx
Tk=0.003459990567602	Best Cost=1.067243260186992 EXIT=0 Iterations=87
xx
Tk=0.003286991039222	Best Cost=1.067243260186992 EXIT=0 Iterations=88
xx
Tk=0.003122641487261	Best Cost=1.067243260186992 EXIT=0 Iterations=89
xx
Tk=0.002966509412898	Best Cost=1.067243260186992 EXIT=0 Iterations=90
xx
Tk=0.002818183942253	Best Cost=1.067243260186992 EXIT=0 Iterations=91
xx
Tk=0.002677274745140	Best Cost=1.067243260186992 EXIT=0 Iterations=92
xx
Tk=0.002543411007883	Best Cost=1.067243260186992 EXIT=0 Iterations=93
xx
Tk=0.002416240457489	Best Cost=1.067243260186992 EXIT=0 Iterations=94
xx
Tk=0.002295428434615	Best Cost=1.067243260186992 EXIT=0 Iterations=95
xx
Tk=0.002180657012884	Best Cost=1.067243260186992 EXIT=0 Iterations=96
.x
Tk=0.002071624162240	Best Cost=0.943997459329854 EXIT=0 Iterations=97
xx
Tk=0.001968042954128	Best Cost=0.943997459329854 EXIT=0 Iterations=98
xx
Tk=0.001869640806421	Best Cost=0.943997459329854 EXIT=0 Iterations=99
xx
Tk=0.001776158766100	Best Cost=0.943997459329854 EXIT=0 Iterations=100
xx
Tk=0.001687350827795	Best Cost=0.943997459329854 EXIT=0 Iterations=101
x.
Tk=0.001602983286405	Best Cost=0.889831398795239 EXIT=0 Iterations=102
xx
Tk=0.001522834122085	Best Cost=0.889831398795239 EXIT=0 Iterations=103
xx
Tk=0.001446692415981	Best Cost=0.889831398795239 EXIT=0 Iterations=104
.x
Tk=0.001374357795182	Best Cost=0.855482194166889 EXIT=0 Iterations=105
..
Tk=0.001305639905423	Best Cost=0.850673238931198 EXIT=0 Iterations=106
x.
Tk=0.001240357910152	Best Cost=0.821493056497904 EXIT=0 Iterations=107
xx
Tk=0.001178340014644	Best Cost=0.821493056497904 EXIT=0 Iterations=108
.x
Tk=0.001119423013912	Best Cost=0.785720902413768 EXIT=0 Iterations=109
.x
Tk=0.001063451863216	Best Cost=0.771449552917625 EXIT=0 Iterations=110
xx
Tk=0.001010279270055	Best Cost=0.771449552917625 EXIT=0 Iterations=111
xx
Tk=0.000959765306553	Best Cost=0.771449552917625 EXIT=0 Iterations=112
xx
Tk=0.000911777041225	Best Cost=0.771449552917625 EXIT=0 Iterations=113
.x
Tk=0.000866188189164	Best Cost=0.737864004499074 EXIT=0 Iterations=114
x.
Tk=0.000822878779706	Best Cost=0.736302996928079 EXIT=0 Iterations=115
xx
Tk=0.000781734840720	Best Cost=0.736302996928079 EXIT=0 Iterations=116
xx
Tk=0.000742648098684	Best Cost=0.736302996928079 EXIT=0 Iterations=117
xx
Tk=0.000705515693750	Best Cost=0.736302996928079 EXIT=0 Iterations=118
xx
Tk=0.000670239909063	Best Cost=0.736302996928079 EXIT=0 Iterations=119
xx
Tk=0.000636727913609	Best Cost=0.736302996928079 EXIT=0 Iterations=120
xx
Tk=0.000604891517929	Best Cost=0.736302996928079 EXIT=0 Iterations=121
xx
Tk=0.000574646942033	Best Cost=0.736302996928079 EXIT=0 Iterations=122
xx
Tk=0.000545914594931	Best Cost=0.736302996928079 EXIT=0 Iterations=123
xx
Tk=0.000518618865184	Best Cost=0.736302996928079 EXIT=0 Iterations=124
xx
Tk=0.000492687921925	Best Cost=0.736302996928079 EXIT=0 Iterations=125
.x
Tk=0.000468053525829	Best Cost=0.729673476611419 EXIT=0 Iterations=126
xx
Tk=0.000444650849537	Best Cost=0.729673476611419 EXIT=0 Iterations=127
x.
Tk=0.000422418307061	Best Cost=0.685586392085846 EXIT=0 Iterations=128
..
Tk=0.000401297391708	Best Cost=0.641671471007886 EXIT=0 Iterations=129
xx
Tk=0.000381232522122	Best Cost=0.641671471007886 EXIT=0 Iterations=130
x.
Tk=0.000362170896016	Best Cost=0.640494670901086 EXIT=0 Iterations=131
x.
Tk=0.000344062351215	Best Cost=0.634999260563406 EXIT=0 Iterations=132
xx
Tk=0.000326859233654	Best Cost=0.634999260563406 EXIT=0 Iterations=133
xx
Tk=0.000310516271972	Best Cost=0.634999260563406 EXIT=0 Iterations=134
xx
Tk=0.000294990458373	Best Cost=0.634999260563406 EXIT=0 Iterations=135
xx
Tk=0.000280240935455	Best Cost=0.634999260563406 EXIT=0 Iterations=136
xx
Tk=0.000266228888682	Best Cost=0.634999260563406 EXIT=0 Iterations=137
xx
Tk=0.000252917444248	Best Cost=0.634999260563406 EXIT=0 Iterations=138
xx
Tk=0.000240271572035	Best Cost=0.634999260563406 EXIT=0 Iterations=139
xx
Tk=0.000228257993434	Best Cost=0.634999260563406 EXIT=0 Iterations=140
xx
Tk=0.000216845093762	Best Cost=0.634999260563406 EXIT=0 Iterations=141
xx
Tk=0.000206002839074	Best Cost=0.634999260563406 EXIT=0 Iterations=142
xx
Tk=0.000195702697120	Best Cost=0.634999260563406 EXIT=0 Iterations=143
xx
Tk=0.000185917562264	Best Cost=0.634999260563406 EXIT=0 Iterations=144
xx
Tk=0.000176621684151	Best Cost=0.634999260563406 EXIT=0 Iterations=145
xx
Tk=0.000167790599943	Best Cost=0.634999260563406 EXIT=0 Iterations=146
xx
Tk=0.000159401069946	Best Cost=0.634999260563406 EXIT=0 Iterations=147
xx
Tk=0.000151431016449	Best Cost=0.634999260563406 EXIT=0 Iterations=148
x.
Tk=0.000143859465626	Best Cost=0.621754870935256 EXIT=0 Iterations=149
xx
Tk=0.000136666492345	Best Cost=0.621754870935256 EXIT=0 Iterations=150
xx
Tk=0.000129833167728	Best Cost=0.621754870935256 EXIT=0 Iterations=151
xx
Tk=0.000123341509341	Best Cost=0.621754870935256 EXIT=0 Iterations=152
xx
Tk=0.000117174433874	Best Cost=0.621754870935256 EXIT=0 Iterations=153
x.
Tk=0.000111315712181	Best Cost=0.609857052375979 EXIT=0 Iterations=154
xx
Tk=0.000105749926572	Best Cost=0.609857052375979 EXIT=0 Iterations=155
xx
Tk=0.000100462430243	Best Cost=0.609857052375979 EXIT=0 Iterations=156
xx
Tk=0.000095439308731	Best Cost=0.609857052375979 EXIT=0 Iterations=157
xx
Tk=0.000090667343294	Best Cost=0.609857052375979 EXIT=0 Iterations=158
xx
Tk=0.000086133976130	Best Cost=0.609857052375979 EXIT=0 Iterations=159
xx
Tk=0.000081827277323	Best Cost=0.609857052375979 EXIT=0 Iterations=160
xx
Tk=0.000077735913457	Best Cost=0.609857052375979 EXIT=0 Iterations=161
xx
Tk=0.000073849117784	Best Cost=0.609857052375979 EXIT=0 Iterations=162
xx
Tk=0.000070156661895	Best Cost=0.609857052375979 EXIT=0 Iterations=163
xx
Tk=0.000066648828800	Best Cost=0.609857052375979 EXIT=0 Iterations=164
xx
Tk=0.000063316387360	Best Cost=0.609857052375979 EXIT=0 Iterations=165
xx
Tk=0.000060150567992	Best Cost=0.609857052375979 EXIT=0 Iterations=166
xx
Tk=0.000057143039593	Best Cost=0.609857052375979 EXIT=0 Iterations=167
xx
Tk=0.000054285887613	Best Cost=0.609857052375979 EXIT=0 Iterations=168
xx
Tk=0.000051571593232	Best Cost=0.609857052375979 EXIT=0 Iterations=169
xx
Tk=0.000048993013571	Best Cost=0.609857052375979 EXIT=0 Iterations=170
xx
Tk=0.000046543362892	Best Cost=0.609857052375979 EXIT=0 Iterations=171
xx
Tk=0.000044216194748	Best Cost=0.609857052375979 EXIT=0 Iterations=172
xx
Tk=0.000042005385010	Best Cost=0.609857052375979 EXIT=0 Iterations=173
xx
Tk=0.000039905115760	Best Cost=0.609857052375979 EXIT=0 Iterations=174
xx
Tk=0.000037909859972	Best Cost=0.609857052375979 EXIT=0 Iterations=175
xx
Tk=0.000036014366973	Best Cost=0.609857052375979 EXIT=0 Iterations=176
xx
Tk=0.000034213648624	Best Cost=0.609857052375979 EXIT=0 Iterations=177
xx
Tk=0.000032502966193	Best Cost=0.609857052375979 EXIT=0 Iterations=178
xx
Tk=0.000030877817884	Best Cost=0.609857052375979 EXIT=0 Iterations=179
xx
Tk=0.000029333926989	Best Cost=0.609857052375979 EXIT=0 Iterations=180
xx
Tk=0.000027867230640	Best Cost=0.609857052375979 EXIT=0 Iterations=181
xx
Tk=0.000026473869108	Best Cost=0.609857052375979 EXIT=0 Iterations=182
xx
Tk=0.000025150175653	Best Cost=0.609857052375979 EXIT=0 Iterations=183
xx
Tk=0.000023892666870	Best Cost=0.609857052375979 EXIT=0 Iterations=184
.x
Tk=0.000022698033526	Best Cost=0.604721127782798 EXIT=0 Iterations=185
xx
Tk=0.000021563131850	Best Cost=0.604721127782798 EXIT=0 Iterations=186
xx
Tk=0.000020484975258	Best Cost=0.604721127782798 EXIT=0 Iterations=187
xx
Tk=0.000019460726495	Best Cost=0.604721127782798 EXIT=0 Iterations=188
xx
Tk=0.000018487690170	Best Cost=0.604721127782798 EXIT=0 Iterations=189
xx
Tk=0.000017563305661	Best Cost=0.604721127782798 EXIT=0 Iterations=190
x.
Tk=0.000016685140378	Best Cost=0.586519674850054 EXIT=0 Iterations=191
x.
Tk=0.000015850883359	Best Cost=0.564216324327920 EXIT=0 Iterations=192
xx
Tk=0.000015058339191	Best Cost=0.564216324327920 EXIT=0 Iterations=193
xx
Tk=0.000014305422232	Best Cost=0.564216324327920 EXIT=0 Iterations=194
xx
Tk=0.000013590151120	Best Cost=0.564216324327920 EXIT=0 Iterations=195
xx
Tk=0.000012910643564	Best Cost=0.564216324327920 EXIT=0 Iterations=196
xx
Tk=0.000012265111386	Best Cost=0.564216324327920 EXIT=0 Iterations=197
xx
Tk=0.000011651855817	Best Cost=0.564216324327920 EXIT=0 Iterations=198
xx
Tk=0.000011069263026	Best Cost=0.564216324327920 EXIT=0 Iterations=199
xx
Tk=0.000010515799875	Best Cost=0.564216324327920 EXIT=0 Iterations=200
