Graph reconstruction via  vertex betweenness centrality
	Original graph description file-> ./example_graphs/krackhardt_kite_grap.adjlist		Ordre-> 10
	Pseudorandom generator seeds-> 16795,25206,8211
SIMULATED ANNEALING:
	Initial Temperature-> 10.000000
	Tk final-> 9.000000
	Minimum Temperature-> 0.000100
	Geometric cooling rate: T[k]=0.900000 * T[k-1]
	Number Maxim of Combinations-> 10000
RESULTS:
	Best cost -> 0.10882627465487820784
	Betweenness centrality
	 Desired BC  |  Closest BC  | Difference^2
	0.2588236381 | 0.2640952944 | 0.0000277904
	0.2588236381 | 0.2622416187 | 0.0000116826
	0.1642721117 | 0.1756072116 | 0.0001284845
	0.4968567375 | 0.5192005642 | 0.0004992466
	0.1642721117 | 0.1528118721 | 0.0001313371
	0.4973304632 | 0.4290105066 | 0.0046676165
	0.4973304632 | 0.5162213308 | 0.0003568649
	0.4511665604 | 0.4037525838 | 0.0022480852
	0.2325741188 | 0.2716226658 | 0.0015247890
	0.0096607731 | 0.0570660618 | 0.0022472614
