Graph reconstruction via  vertex betweenness centrality
	Original graph description file-> /Users/oscarraigcolon/Arrel/git/rebuild-graph/data/example_graphs/petersen.txt		Ordre-> 10
	Pseudorandom generator seeds-> 11,92,37
SIMULATED ANNEALING:
	Initial Temperature-> 10.000000
	Tk final-> 9.000000
	Minimum Temperature-> 0.000100
	Geometric cooling rate: T[k]=0.900000 * T[k-1]
	Number Maxim of Combinations-> 10
RESULTS:
	Best cost -> 0.16130788324244765830
	Betweenness centrality
	 Desired BC  |  Closest BC  | Difference^2
	0.0833333333 | 0.0486111111 | 0.0012056327
	0.0833333333 | 0.0138888889 | 0.0048225309
	0.0833333333 | 0.0555555556 | 0.0007716049
	0.0833333333 | 0.0069444444 | 0.0058352623
	0.0833333333 | 0.0138888889 | 0.0048225309
	0.0833333333 | 0.0138888889 | 0.0048225309
	0.0833333333 | 0.0902777778 | 0.0000482253
	0.0833333333 | 0.0902777778 | 0.0000482253
	0.0833333333 | 0.0879629630 | 0.0000214335
	0.0833333333 | 0.0231481481 | 0.0036222565
